<?xml version="1.0" encoding="UTF-8" ?>
<testsuite tests="6" failures="0" name="TestSuite" time="0.01" errors="0" skipped="0">
  <properties>
    <property name="java.runtime.name" value="Java(TM) SE Runtime Environment"/>
    <property name="java.vm.version" value="13.0.2+8"/>
    <property name="sun.boot.library.path" value="C:\Program Files\Java\jdk-13.0.2\bin"/>
    <property name="maven.multiModuleProjectDirectory" value="C:\Users\visha\Mavenjava"/>
    <property name="java.vm.vendor" value="Oracle Corporation"/>
    <property name="java.vendor.url" value="https://java.oracle.com/"/>
    <property name="guice.disable.misplaced.annotation.check" value="true"/>
    <property name="path.separator" value=";"/>
    <property name="java.vm.name" value="Java HotSpot(TM) 64-Bit Server VM"/>
    <property name="sun.os.patch.level" value=""/>
    <property name="user.script" value=""/>
    <property name="user.country" value="US"/>
    <property name="sun.java.launcher" value="SUN_STANDARD"/>
    <property name="java.vm.specification.name" value="Java Virtual Machine Specification"/>
    <property name="user.dir" value="C:\Users\visha\Mavenjava"/>
    <property name="java.vm.compressedOopsMode" value="Zero based"/>
    <property name="java.runtime.version" value="13.0.2+8"/>
    <property name="os.arch" value="amd64"/>
    <property name="java.io.tmpdir" value="C:\Users\visha\AppData\Local\Temp\"/>
    <property name="line.separator" value="
"/>
    <property name="java.vm.specification.vendor" value="Oracle Corporation"/>
    <property name="user.variant" value=""/>
    <property name="os.name" value="Windows 10"/>
    <property name="classworlds.conf" value="C:\Program Files\Apache Maven\apache-maven-3.6.3\bin\..\bin\m2.conf"/>
    <property name="sun.jnu.encoding" value="Cp1252"/>
    <property name="java.library.path" value="C:\Program Files\Java\jdk-13.0.2\bin;C:\windows\Sun\Java\bin;C:\windows\system32;C:\windows;C:\Tools\bin;C:\Tools\vendor\bin;C:\Tools\vendor\conemu-maximus5\ConEmu\Scripts;C:\Tools\vendor\conemu-maximus5;C:\Tools\vendor\conemu-maximus5\ConEmu;C:\Program Files (x86)\Common Files\Oracle\Java\javapath;C:\windows\system32;C:\windows;C:\windows\System32\Wbem;C:\windows\System32\WindowsPowerShell\v1.0\;C:\windows\System32\OpenSSH\;C:\Program Files\Java\jdk1.8.0_231\bin;C:\Program Files\Java\jdk-13.0.2\bin;C:\Users\visha\AppData\Local\Android\Sdk\tools\bin;C:\Users\visha\AppData\Local\Android\Sdk\tools;C:\Users\visha\AppData\Local\Android\Sdk\platform-tools;C:\Program Files\Apache Maven\apache-maven-3.6.3\bin;C:\Program Files\Apache Maven\apache-maven-3.6.3;C:\Users\visha\AppData\Local\Microsoft\WindowsApps;C:\Tools\vendor\git-for-windows\cmd;C:\Tools\vendor\git-for-windows\mingw64\bin;C:\Tools\vendor\git-for-windows\usr\bin;C:\Tools;."/>
    <property name="maven.conf" value="C:\Program Files\Apache Maven\apache-maven-3.6.3\bin\../conf"/>
    <property name="jdk.debug" value="release"/>
    <property name="java.class.version" value="57.0"/>
    <property name="java.specification.name" value="Java Platform API Specification"/>
    <property name="sun.management.compiler" value="HotSpot 64-Bit Tiered Compilers"/>
    <property name="os.version" value="10.0"/>
    <property name="library.jansi.path" value="C:\Program Files\Apache Maven\apache-maven-3.6.3\bin\..\lib\jansi-native"/>
    <property name="user.home" value="C:\Users\visha"/>
    <property name="user.timezone" value="America/New_York"/>
    <property name="file.encoding" value="Cp1252"/>
    <property name="java.specification.version" value="13"/>
    <property name="user.name" value="visha"/>
    <property name="java.class.path" value="C:\Program Files\Apache Maven\apache-maven-3.6.3\bin\..\boot\plexus-classworlds-2.6.0.jar"/>
    <property name="java.vm.specification.version" value="13"/>
    <property name="sun.arch.data.model" value="64"/>
    <property name="sun.java.command" value="org.codehaus.plexus.classworlds.launcher.Launcher test"/>
    <property name="java.home" value="C:\Program Files\Java\jdk-13.0.2"/>
    <property name="user.language" value="en"/>
    <property name="java.specification.vendor" value="Oracle Corporation"/>
    <property name="java.vm.info" value="mixed mode, sharing"/>
    <property name="java.version" value="13.0.2"/>
    <property name="java.vendor" value="Oracle Corporation"/>
    <property name="sun.stderr.encoding" value="cp437"/>
    <property name="maven.home" value="C:\Program Files\Apache Maven\apache-maven-3.6.3\bin\.."/>
    <property name="file.separator" value="\"/>
    <property name="java.version.date" value="2020-01-14"/>
    <property name="java.vendor.url.bug" value="https://bugreport.java.com/bugreport/"/>
    <property name="sun.io.unicode.encoding" value="UnicodeLittle"/>
    <property name="sun.cpu.endian" value="little"/>
    <property name="sun.stdout.encoding" value="cp437"/>
    <property name="sun.cpu.isalist" value="amd64"/>
  </properties>
  <testcase classname="qaclickacademy.AppiumTest" name="IOSApps" time="0.009"/>
  <testcase classname="qaclickacademy.AppiumTest" name="NativeAppAndroid" time="0"/>
  <testcase classname="qaclickacademy.RestAPITest" name="deleteTwitter" time="0"/>
  <testcase classname="qaclickacademy.RestAPITest" name="postJIRA" time="0"/>
  <testcase classname="qaclickacademy.SeleniumTest" name="BrowserAutomation" time="0"/>
  <testcase classname="qaclickacademy.SeleniumTest" name="elementsUi" time="0.001"/>
</testsuite>